2026-03-26 01:52:40.280 | INFO     | server:<module>:197 - Recon Matching Service initialized. Workspace: /home/che/LocalAppStore/Apps/recon-matching/workspace
2026-03-26 01:52:42.857 | INFO     | server:recon_match_execute:122 - ReconMatch EXECUTE: workspace=asset, ruleset=account, run_id=realistic_001
2026-03-26 01:52:42.857 | INFO     | recon_matching.lro_client:create:32 - LRO created: 25cb3937-e15f-4f5e-b2dc-cd15d107357d
2026-03-26 01:52:42.858 | INFO     | recon_matching.service:execute:37 - ReconMatch service: run_id=realistic_001, lro_id=25cb3937-e15f-4f5e-b2dc-cd15d107357d
2026-03-26 01:52:42.859 | INFO     | recon_matching.scaffold:create_run_dir:22 - Created RUN_DIR: /home/che/LocalAppStore/Apps/recon-matching/workspace/outputs/2026-03-26/asset/account/realistic_001
2026-03-26 01:52:42.859 | INFO     | recon_matching.scaffold:validate_and_prepare:36 - Scaffold complete: KB_DIR=/home/che/LocalAppStore/Apps/recon-matching/workspace/knowledgebase/rulesets/asset/account, RUN_DIR=/home/che/LocalAppStore/Apps/recon-matching/workspace/outputs/2026-03-26/asset/account/realistic_001
2026-03-26 01:52:42.859 | INFO     | recon_matching.boot:phase_a:54 - Phase A complete: KB_DIR=/home/che/LocalAppStore/Apps/recon-matching/workspace/knowledgebase/rulesets/asset/account, RUN_DIR=/home/che/LocalAppStore/Apps/recon-matching/workspace/outputs/2026-03-26/asset/account/realistic_001
2026-03-26 01:52:42.862 | INFO     | recon_matching.boot:phase_b:105 - Phase B complete: loaded 3 sections, 4 JSON configs
2026-03-26 01:52:42.864 | INFO     | recon_matching.boot:phase_c:193 - Phase C complete: 3 exclusion + 4 matching = 7 waterfall steps
2026-03-26 01:52:42.865 | INFO     | recon_matching.boot:get_ready:242 - Get-ready complete: dataset copied, manifest skeleton written
2026-03-26 01:52:42.866 | INFO     | recon_matching.boot:boot:282 - Boot complete for run_id=realistic_001
2026-03-26 01:52:42.866 | INFO     | recon_matching.orchestrator:run:69 - Orchestrator starting run_id=realistic_001, 7 waterfall steps
2026-03-26 01:52:42.867 | INFO     | recon_matching.executor:execute:70 - Executor: step=1, rule=EXCL_CUST_DERIV, operator=exclude_by_predicates
2026-03-26 01:52:42.910 | INFO     | recon_matching.duckdb_skill:duckdb_open_or_create:40 - DuckDB opened: /home/che/LocalAppStore/Apps/recon-matching/workspace/outputs/2026-03-26/asset/account/realistic_001/run.duckdb
2026-03-26 01:52:43.020 | INFO     | recon_matching.duckdb_skill:duckdb_load_dataset:53 - Loaded 402 rows into base_dataset from /home/che/LocalAppStore/Apps/recon-matching/workspace/outputs/2026-03-26/asset/account/realistic_001/dataset_file.csv
2026-03-26 01:52:43.151 | INFO     | recon_matching.duckdb_skill:duckdb_init_pool:90 - Pool initialized: 402 total, 0 matched, 402 unmatched
2026-03-26 01:52:43.211 | INFO     | recon_matching.duckdb_skill:duckdb_profile:136 - Profile: 402 rows, type=two_sided, 18 amount cols, 2 blocking strategies
2026-03-26 01:52:43.216 | INFO     | recon_matching.executor:_ensure_initialized:63 - Executor initialized: db=/home/che/LocalAppStore/Apps/recon-matching/workspace/outputs/2026-03-26/asset/account/realistic_001/run.duckdb, profile=/home/che/LocalAppStore/Apps/recon-matching/workspace/outputs/2026-03-26/asset/account/realistic_001/dataset_profile.json
2026-03-26 01:52:43.468 | INFO     | recon_matching.executor:execute:70 - Executor: step=2, rule=EXCL_COLLATERAL, operator=exclude_by_predicates
2026-03-26 01:52:43.578 | INFO     | recon_matching.executor:execute:70 - Executor: step=3, rule=EXCL_FX_HEDGE, operator=exclude_by_predicates
2026-03-26 01:52:43.669 | INFO     | recon_matching.executor:execute:70 - Executor: step=4, rule=EXACT_MATCH_FUND, operator=one_to_one_ranked
2026-03-26 01:52:43.710 | ERROR    | recon_matching.executor:execute:100 - Executor failed on step 4: Binder Error: Ambiguous reference to column name "sec_group" (use: "a.sec_group" or "b.sec_group")

LINE 12:             WHERE ((sec_group == 'FUND')) AND ((sec_group == 'FUND'))
                             ^
2026-03-26 01:52:43.711 | ERROR    | recon_matching.orchestrator:run:101 - Step 4 failed: []
2026-03-26 01:52:43.711 | INFO     | recon_matching.executor:execute:70 - Executor: step=5, rule=EXACT_MATCH_BLKCUSIP, operator=one_to_one_ranked
2026-03-26 01:52:46.914 | INFO     | recon_matching.executor:execute:70 - Executor: step=6, rule=SEC_ID_ISSUE_MULTI, operator=many_to_many_balance_k
2026-03-26 01:52:47.784 | INFO     | recon_matching.executor:execute:70 - Executor: step=7, rule=ZERO_POS, operator=one_sided
2026-03-26 01:52:48.324 | INFO     | recon_matching.duckdb_skill:duckdb_export_exclusions_csv:526 - Exported 45 exclusions to /home/che/LocalAppStore/Apps/recon-matching/workspace/outputs/2026-03-26/asset/account/realistic_001/exclusions.csv
2026-03-26 01:52:48.361 | INFO     | recon_matching.duckdb_skill:duckdb_export_matches_csv:547 - Exported 150 matched records to /home/che/LocalAppStore/Apps/recon-matching/workspace/outputs/2026-03-26/asset/account/realistic_001/matches.csv
2026-03-26 01:52:48.401 | INFO     | recon_matching.duckdb_skill:duckdb_export_breaks_csv:565 - Exported 207 breaks to /home/che/LocalAppStore/Apps/recon-matching/workspace/outputs/2026-03-26/asset/account/realistic_001/breaks.csv
2026-03-26 01:52:48.447 | INFO     | recon_matching.finalize:write_breaks_reasoning:79 - Wrote 207 break reasoning items to /home/che/LocalAppStore/Apps/recon-matching/workspace/outputs/2026-03-26/asset/account/realistic_001/breaks_reasoning.json
2026-03-26 01:52:48.484 | INFO     | recon_matching.finalize:finalize_run:176 - All required artifacts present
2026-03-26 01:52:48.485 | INFO     | recon_matching.finalize:finalize_run:178 - Run finalized: 402 input, 45 excluded, 150 matched, 207 breaks
2026-03-26 01:52:48.485 | INFO     | recon_matching.orchestrator:run:116 - Orchestrator complete: 7 steps executed
2026-03-26 01:52:48.485 | INFO     | recon_matching.lro_client:complete:50 - LRO 25cb3937-e15f-4f5e-b2dc-cd15d107357d completed
