2026-03-26 02:07:50.214 | INFO     | server:<module>:363 - Recon Matching Service initialized. Workspace: /home/che/LocalAppStore/Apps/recon-matching/workspace
2026-03-26 02:07:52.879 | INFO     | server:recon_match_execute:125 - ReconMatch EXECUTE: workspace=asset, ruleset=account, run_id=fix_test_001
2026-03-26 02:07:52.880 | INFO     | recon_matching.lro_client:create:32 - LRO created: 82e09a43-173f-451d-84c6-233b5aa6364e
2026-03-26 02:07:52.880 | INFO     | recon_matching.service:execute:30 - ReconMatch service: run_id=fix_test_001, lro_id=82e09a43-173f-451d-84c6-233b5aa6364e
2026-03-26 02:07:52.881 | INFO     | recon_matching.scaffold:create_run_dir:22 - Created RUN_DIR: /home/che/LocalAppStore/Apps/recon-matching/workspace/outputs/2026-03-26/asset/account/fix_test_001
2026-03-26 02:07:52.882 | INFO     | recon_matching.scaffold:validate_and_prepare:36 - Scaffold complete: KB_DIR=/home/che/LocalAppStore/Apps/recon-matching/workspace/knowledgebase/rulesets/asset/account, RUN_DIR=/home/che/LocalAppStore/Apps/recon-matching/workspace/outputs/2026-03-26/asset/account/fix_test_001
2026-03-26 02:07:52.882 | INFO     | recon_matching.boot:phase_a:54 - Phase A complete: KB_DIR=/home/che/LocalAppStore/Apps/recon-matching/workspace/knowledgebase/rulesets/asset/account, RUN_DIR=/home/che/LocalAppStore/Apps/recon-matching/workspace/outputs/2026-03-26/asset/account/fix_test_001
2026-03-26 02:07:52.884 | INFO     | recon_matching.boot:phase_b:105 - Phase B complete: loaded 3 sections, 4 JSON configs
2026-03-26 02:07:52.885 | INFO     | recon_matching.boot:phase_c:193 - Phase C complete: 3 exclusion + 4 matching = 7 waterfall steps
2026-03-26 02:07:52.886 | INFO     | recon_matching.boot:get_ready:242 - Get-ready complete: dataset copied, manifest skeleton written
2026-03-26 02:07:52.886 | INFO     | recon_matching.boot:boot:282 - Boot complete for run_id=fix_test_001
2026-03-26 02:07:52.926 | INFO     | recon_matching.duckdb_skill:duckdb_open_or_create:40 - DuckDB opened: /home/che/LocalAppStore/Apps/recon-matching/workspace/outputs/2026-03-26/asset/account/fix_test_001/run.duckdb
2026-03-26 02:07:53.046 | INFO     | recon_matching.duckdb_skill:duckdb_load_dataset:53 - Loaded 402 rows into base_dataset from /home/che/LocalAppStore/Apps/recon-matching/workspace/outputs/2026-03-26/asset/account/fix_test_001/dataset_file.csv
2026-03-26 02:07:53.173 | INFO     | recon_matching.duckdb_skill:duckdb_init_pool:90 - Pool initialized: 402 total, 0 matched, 402 unmatched
2026-03-26 02:07:53.266 | INFO     | recon_matching.duckdb_skill:duckdb_profile:136 - Profile: 402 rows, type=two_sided, 18 amount cols, 2 blocking strategies
2026-03-26 02:07:59.040 | INFO     | recon_matching.duckdb_skill:duckdb_export_exclusions_csv:568 - Exported 45 exclusions to /home/che/LocalAppStore/Apps/recon-matching/workspace/outputs/2026-03-26/asset/account/fix_test_001/exclusions.csv
2026-03-26 02:07:59.079 | INFO     | recon_matching.duckdb_skill:duckdb_export_matches_csv:589 - Exported 156 matched records to /home/che/LocalAppStore/Apps/recon-matching/workspace/outputs/2026-03-26/asset/account/fix_test_001/matches.csv
2026-03-26 02:07:59.120 | INFO     | recon_matching.duckdb_skill:duckdb_export_breaks_csv:607 - Exported 201 breaks to /home/che/LocalAppStore/Apps/recon-matching/workspace/outputs/2026-03-26/asset/account/fix_test_001/breaks.csv
2026-03-26 02:07:59.168 | INFO     | recon_matching.finalize:write_breaks_reasoning:79 - Wrote 201 break reasoning items to /home/che/LocalAppStore/Apps/recon-matching/workspace/outputs/2026-03-26/asset/account/fix_test_001/breaks_reasoning.json
2026-03-26 02:07:59.207 | INFO     | recon_matching.finalize:finalize_run:176 - All required artifacts present
2026-03-26 02:07:59.208 | INFO     | recon_matching.finalize:finalize_run:178 - Run finalized: 402 input, 45 excluded, 156 matched, 201 breaks
2026-03-26 02:07:59.210 | INFO     | recon_matching.lro_client:complete:50 - LRO 82e09a43-173f-451d-84c6-233b5aa6364e completed
2026-03-26 02:12:19.302 | INFO     | server:recon_match_execute:125 - ReconMatch EXECUTE: workspace=asset, ruleset=account, run_id=20260326061219_28d0c467
2026-03-26 02:12:19.302 | INFO     | recon_matching.lro_client:create:32 - LRO created: b7262a44-3c0f-4de3-a424-693ead6e6dac
2026-03-26 02:12:19.302 | INFO     | recon_matching.service:execute:30 - ReconMatch service: run_id=20260326061219_28d0c467, lro_id=b7262a44-3c0f-4de3-a424-693ead6e6dac
2026-03-26 02:12:19.303 | INFO     | recon_matching.scaffold:create_run_dir:22 - Created RUN_DIR: /home/che/LocalAppStore/Apps/recon-matching/workspace/outputs/2026-03-26/asset/account/20260326061219_28d0c467
2026-03-26 02:12:19.303 | INFO     | recon_matching.scaffold:validate_and_prepare:36 - Scaffold complete: KB_DIR=/home/che/LocalAppStore/Apps/recon-matching/workspace/knowledgebase/rulesets/asset/account, RUN_DIR=/home/che/LocalAppStore/Apps/recon-matching/workspace/outputs/2026-03-26/asset/account/20260326061219_28d0c467
2026-03-26 02:12:19.303 | INFO     | recon_matching.boot:phase_a:54 - Phase A complete: KB_DIR=/home/che/LocalAppStore/Apps/recon-matching/workspace/knowledgebase/rulesets/asset/account, RUN_DIR=/home/che/LocalAppStore/Apps/recon-matching/workspace/outputs/2026-03-26/asset/account/20260326061219_28d0c467
2026-03-26 02:12:19.304 | INFO     | recon_matching.boot:phase_b:105 - Phase B complete: loaded 3 sections, 4 JSON configs
2026-03-26 02:12:19.305 | INFO     | recon_matching.boot:phase_c:193 - Phase C complete: 3 exclusion + 4 matching = 7 waterfall steps
2026-03-26 02:12:19.306 | INFO     | recon_matching.boot:get_ready:242 - Get-ready complete: dataset copied, manifest skeleton written
2026-03-26 02:12:19.306 | INFO     | recon_matching.boot:boot:282 - Boot complete for run_id=20260326061219_28d0c467
2026-03-26 02:12:19.354 | INFO     | recon_matching.duckdb_skill:duckdb_open_or_create:40 - DuckDB opened: /home/che/LocalAppStore/Apps/recon-matching/workspace/outputs/2026-03-26/asset/account/20260326061219_28d0c467/run.duckdb
2026-03-26 02:12:19.485 | INFO     | recon_matching.duckdb_skill:duckdb_load_dataset:53 - Loaded 402 rows into base_dataset from /home/che/LocalAppStore/Apps/recon-matching/workspace/outputs/2026-03-26/asset/account/20260326061219_28d0c467/dataset_file.csv
2026-03-26 02:12:19.609 | INFO     | recon_matching.duckdb_skill:duckdb_init_pool:90 - Pool initialized: 402 total, 0 matched, 402 unmatched
2026-03-26 02:12:19.700 | INFO     | recon_matching.duckdb_skill:duckdb_profile:136 - Profile: 402 rows, type=two_sided, 18 amount cols, 2 blocking strategies
2026-03-26 02:12:25.966 | INFO     | recon_matching.duckdb_skill:duckdb_export_exclusions_csv:568 - Exported 45 exclusions to /home/che/LocalAppStore/Apps/recon-matching/workspace/outputs/2026-03-26/asset/account/20260326061219_28d0c467/exclusions.csv
2026-03-26 02:12:26.008 | INFO     | recon_matching.duckdb_skill:duckdb_export_matches_csv:589 - Exported 156 matched records to /home/che/LocalAppStore/Apps/recon-matching/workspace/outputs/2026-03-26/asset/account/20260326061219_28d0c467/matches.csv
2026-03-26 02:12:26.051 | INFO     | recon_matching.duckdb_skill:duckdb_export_breaks_csv:607 - Exported 201 breaks to /home/che/LocalAppStore/Apps/recon-matching/workspace/outputs/2026-03-26/asset/account/20260326061219_28d0c467/breaks.csv
2026-03-26 02:12:26.101 | INFO     | recon_matching.finalize:write_breaks_reasoning:79 - Wrote 201 break reasoning items to /home/che/LocalAppStore/Apps/recon-matching/workspace/outputs/2026-03-26/asset/account/20260326061219_28d0c467/breaks_reasoning.json
2026-03-26 02:12:26.141 | INFO     | recon_matching.finalize:finalize_run:176 - All required artifacts present
2026-03-26 02:12:26.141 | INFO     | recon_matching.finalize:finalize_run:178 - Run finalized: 402 input, 45 excluded, 156 matched, 201 breaks
2026-03-26 02:12:26.144 | INFO     | recon_matching.lro_client:complete:50 - LRO b7262a44-3c0f-4de3-a424-693ead6e6dac completed
2026-03-26 02:16:25.504 | INFO     | server:recon_match_execute:125 - ReconMatch EXECUTE: workspace=asset, ruleset=account, run_id=run_001
2026-03-26 02:16:25.504 | INFO     | recon_matching.lro_client:create:32 - LRO created: b86c7059-d69f-4a92-9692-a7ed6b0afe81
2026-03-26 02:16:25.504 | INFO     | recon_matching.service:execute:30 - ReconMatch service: run_id=run_001, lro_id=b86c7059-d69f-4a92-9692-a7ed6b0afe81
2026-03-26 02:16:25.505 | INFO     | recon_matching.scaffold:create_run_dir:22 - Created RUN_DIR: /home/che/LocalAppStore/Apps/recon-matching/workspace/outputs/2026-03-26/asset/account/run_001
2026-03-26 02:16:25.505 | INFO     | recon_matching.scaffold:validate_and_prepare:36 - Scaffold complete: KB_DIR=/home/che/LocalAppStore/Apps/recon-matching/workspace/knowledgebase/rulesets/asset/account, RUN_DIR=/home/che/LocalAppStore/Apps/recon-matching/workspace/outputs/2026-03-26/asset/account/run_001
2026-03-26 02:16:25.505 | INFO     | recon_matching.boot:phase_a:54 - Phase A complete: KB_DIR=/home/che/LocalAppStore/Apps/recon-matching/workspace/knowledgebase/rulesets/asset/account, RUN_DIR=/home/che/LocalAppStore/Apps/recon-matching/workspace/outputs/2026-03-26/asset/account/run_001
2026-03-26 02:16:25.507 | INFO     | recon_matching.boot:phase_b:105 - Phase B complete: loaded 3 sections, 4 JSON configs
2026-03-26 02:16:25.509 | INFO     | recon_matching.boot:phase_c:193 - Phase C complete: 3 exclusion + 4 matching = 7 waterfall steps
2026-03-26 02:16:25.510 | INFO     | recon_matching.boot:get_ready:242 - Get-ready complete: dataset copied, manifest skeleton written
2026-03-26 02:16:25.510 | INFO     | recon_matching.boot:boot:282 - Boot complete for run_id=run_001
2026-03-26 02:16:25.548 | INFO     | recon_matching.duckdb_skill:duckdb_open_or_create:40 - DuckDB opened: /home/che/LocalAppStore/Apps/recon-matching/workspace/outputs/2026-03-26/asset/account/run_001/run.duckdb
2026-03-26 02:16:25.674 | INFO     | recon_matching.duckdb_skill:duckdb_load_dataset:53 - Loaded 402 rows into base_dataset from /home/che/LocalAppStore/Apps/recon-matching/workspace/outputs/2026-03-26/asset/account/run_001/dataset_file.csv
2026-03-26 02:16:25.818 | INFO     | recon_matching.duckdb_skill:duckdb_init_pool:90 - Pool initialized: 402 total, 0 matched, 402 unmatched
2026-03-26 02:16:25.914 | INFO     | recon_matching.duckdb_skill:duckdb_profile:136 - Profile: 402 rows, type=two_sided, 18 amount cols, 2 blocking strategies
2026-03-26 02:16:32.322 | INFO     | recon_matching.duckdb_skill:duckdb_export_exclusions_csv:568 - Exported 45 exclusions to /home/che/LocalAppStore/Apps/recon-matching/workspace/outputs/2026-03-26/asset/account/run_001/exclusions.csv
2026-03-26 02:16:32.363 | INFO     | recon_matching.duckdb_skill:duckdb_export_matches_csv:589 - Exported 156 matched records to /home/che/LocalAppStore/Apps/recon-matching/workspace/outputs/2026-03-26/asset/account/run_001/matches.csv
2026-03-26 02:16:32.402 | INFO     | recon_matching.duckdb_skill:duckdb_export_breaks_csv:607 - Exported 201 breaks to /home/che/LocalAppStore/Apps/recon-matching/workspace/outputs/2026-03-26/asset/account/run_001/breaks.csv
2026-03-26 02:16:32.456 | INFO     | recon_matching.finalize:write_breaks_reasoning:79 - Wrote 201 break reasoning items to /home/che/LocalAppStore/Apps/recon-matching/workspace/outputs/2026-03-26/asset/account/run_001/breaks_reasoning.json
2026-03-26 02:16:32.495 | INFO     | recon_matching.finalize:finalize_run:176 - All required artifacts present
2026-03-26 02:16:32.495 | INFO     | recon_matching.finalize:finalize_run:178 - Run finalized: 402 input, 45 excluded, 156 matched, 201 breaks
2026-03-26 02:16:32.498 | INFO     | recon_matching.lro_client:complete:50 - LRO b86c7059-d69f-4a92-9692-a7ed6b0afe81 completed
2026-03-26 02:17:55.108 | INFO     | server:recon_match_execute:125 - ReconMatch EXECUTE: workspace=asset, ruleset=account, run_id=20260326061755_94c82210
2026-03-26 02:17:55.109 | INFO     | recon_matching.lro_client:create:32 - LRO created: 6a0a7da3-89f3-4946-8c4c-1bd2c14f2335
2026-03-26 02:17:55.110 | INFO     | recon_matching.service:execute:30 - ReconMatch service: run_id=20260326061755_94c82210, lro_id=6a0a7da3-89f3-4946-8c4c-1bd2c14f2335
2026-03-26 02:17:55.111 | INFO     | recon_matching.scaffold:create_run_dir:22 - Created RUN_DIR: /home/che/LocalAppStore/Apps/recon-matching/workspace/outputs/2026-03-26/asset/account/20260326061755_94c82210
2026-03-26 02:17:55.111 | INFO     | recon_matching.scaffold:validate_and_prepare:36 - Scaffold complete: KB_DIR=/home/che/LocalAppStore/Apps/recon-matching/workspace/knowledgebase/rulesets/asset/account, RUN_DIR=/home/che/LocalAppStore/Apps/recon-matching/workspace/outputs/2026-03-26/asset/account/20260326061755_94c82210
2026-03-26 02:17:55.111 | INFO     | recon_matching.boot:phase_a:54 - Phase A complete: KB_DIR=/home/che/LocalAppStore/Apps/recon-matching/workspace/knowledgebase/rulesets/asset/account, RUN_DIR=/home/che/LocalAppStore/Apps/recon-matching/workspace/outputs/2026-03-26/asset/account/20260326061755_94c82210
2026-03-26 02:17:55.114 | INFO     | recon_matching.boot:phase_b:105 - Phase B complete: loaded 3 sections, 4 JSON configs
2026-03-26 02:17:55.115 | INFO     | recon_matching.boot:phase_c:193 - Phase C complete: 3 exclusion + 4 matching = 7 waterfall steps
2026-03-26 02:17:55.116 | INFO     | recon_matching.boot:get_ready:242 - Get-ready complete: dataset copied, manifest skeleton written
2026-03-26 02:17:55.116 | INFO     | recon_matching.boot:boot:282 - Boot complete for run_id=20260326061755_94c82210
2026-03-26 02:17:55.151 | INFO     | recon_matching.duckdb_skill:duckdb_open_or_create:40 - DuckDB opened: /home/che/LocalAppStore/Apps/recon-matching/workspace/outputs/2026-03-26/asset/account/20260326061755_94c82210/run.duckdb
2026-03-26 02:17:55.277 | INFO     | recon_matching.duckdb_skill:duckdb_load_dataset:53 - Loaded 402 rows into base_dataset from /home/che/LocalAppStore/Apps/recon-matching/workspace/outputs/2026-03-26/asset/account/20260326061755_94c82210/dataset_file.csv
2026-03-26 02:17:55.395 | INFO     | recon_matching.duckdb_skill:duckdb_init_pool:90 - Pool initialized: 402 total, 0 matched, 402 unmatched
2026-03-26 02:17:55.489 | INFO     | recon_matching.duckdb_skill:duckdb_profile:136 - Profile: 402 rows, type=two_sided, 18 amount cols, 2 blocking strategies
2026-03-26 02:18:01.380 | INFO     | recon_matching.duckdb_skill:duckdb_export_exclusions_csv:568 - Exported 45 exclusions to /home/che/LocalAppStore/Apps/recon-matching/workspace/outputs/2026-03-26/asset/account/20260326061755_94c82210/exclusions.csv
2026-03-26 02:18:01.396 | INFO     | recon_matching.duckdb_skill:duckdb_export_matches_csv:589 - Exported 156 matched records to /home/che/LocalAppStore/Apps/recon-matching/workspace/outputs/2026-03-26/asset/account/20260326061755_94c82210/matches.csv
2026-03-26 02:18:01.407 | INFO     | recon_matching.duckdb_skill:duckdb_export_breaks_csv:607 - Exported 201 breaks to /home/che/LocalAppStore/Apps/recon-matching/workspace/outputs/2026-03-26/asset/account/20260326061755_94c82210/breaks.csv
2026-03-26 02:18:01.417 | INFO     | recon_matching.finalize:write_breaks_reasoning:79 - Wrote 201 break reasoning items to /home/che/LocalAppStore/Apps/recon-matching/workspace/outputs/2026-03-26/asset/account/20260326061755_94c82210/breaks_reasoning.json
2026-03-26 02:18:01.424 | INFO     | recon_matching.finalize:finalize_run:176 - All required artifacts present
2026-03-26 02:18:01.424 | INFO     | recon_matching.finalize:finalize_run:178 - Run finalized: 402 input, 45 excluded, 156 matched, 201 breaks
2026-03-26 02:18:01.425 | INFO     | recon_matching.lro_client:complete:50 - LRO 6a0a7da3-89f3-4946-8c4c-1bd2c14f2335 completed
