2026-03-26 02:07:13.896 | INFO     | server:<module>:363 - Recon Matching Service initialized. Workspace: /home/che/LocalAppStore/Apps/recon-matching/workspace
2026-03-26 02:07:16.226 | INFO     | server:recon_match_execute:125 - ReconMatch EXECUTE: workspace=asset, ruleset=account, run_id=ilog_test_001
2026-03-26 02:07:16.226 | INFO     | recon_matching.lro_client:create:32 - LRO created: 6fbc45cb-20bd-4e60-9f90-7250f61f853f
2026-03-26 02:07:16.227 | INFO     | recon_matching.service:execute:30 - ReconMatch service: run_id=ilog_test_001, lro_id=6fbc45cb-20bd-4e60-9f90-7250f61f853f
2026-03-26 02:07:16.227 | INFO     | recon_matching.scaffold:create_run_dir:22 - Created RUN_DIR: /home/che/LocalAppStore/Apps/recon-matching/workspace/outputs/2026-03-26/asset/account/ilog_test_001
2026-03-26 02:07:16.227 | INFO     | recon_matching.scaffold:validate_and_prepare:36 - Scaffold complete: KB_DIR=/home/che/LocalAppStore/Apps/recon-matching/workspace/knowledgebase/rulesets/asset/account, RUN_DIR=/home/che/LocalAppStore/Apps/recon-matching/workspace/outputs/2026-03-26/asset/account/ilog_test_001
2026-03-26 02:07:16.227 | INFO     | recon_matching.boot:phase_a:54 - Phase A complete: KB_DIR=/home/che/LocalAppStore/Apps/recon-matching/workspace/knowledgebase/rulesets/asset/account, RUN_DIR=/home/che/LocalAppStore/Apps/recon-matching/workspace/outputs/2026-03-26/asset/account/ilog_test_001
2026-03-26 02:07:16.229 | INFO     | recon_matching.boot:phase_b:105 - Phase B complete: loaded 3 sections, 4 JSON configs
2026-03-26 02:07:16.230 | INFO     | recon_matching.boot:phase_c:193 - Phase C complete: 3 exclusion + 4 matching = 7 waterfall steps
2026-03-26 02:07:16.231 | INFO     | recon_matching.boot:get_ready:242 - Get-ready complete: dataset copied, manifest skeleton written
2026-03-26 02:07:16.231 | INFO     | recon_matching.boot:boot:282 - Boot complete for run_id=ilog_test_001
2026-03-26 02:07:16.275 | INFO     | recon_matching.duckdb_skill:duckdb_open_or_create:40 - DuckDB opened: /home/che/LocalAppStore/Apps/recon-matching/workspace/outputs/2026-03-26/asset/account/ilog_test_001/run.duckdb
2026-03-26 02:07:16.404 | INFO     | recon_matching.duckdb_skill:duckdb_load_dataset:53 - Loaded 402 rows into base_dataset from /home/che/LocalAppStore/Apps/recon-matching/workspace/outputs/2026-03-26/asset/account/ilog_test_001/dataset_file.csv
2026-03-26 02:07:16.520 | INFO     | recon_matching.duckdb_skill:duckdb_init_pool:90 - Pool initialized: 402 total, 0 matched, 402 unmatched
2026-03-26 02:07:16.609 | INFO     | recon_matching.duckdb_skill:duckdb_profile:136 - Profile: 402 rows, type=two_sided, 18 amount cols, 2 blocking strategies
2026-03-26 02:07:22.080 | INFO     | recon_matching.duckdb_skill:duckdb_export_exclusions_csv:537 - Exported 45 exclusions to /home/che/LocalAppStore/Apps/recon-matching/workspace/outputs/2026-03-26/asset/account/ilog_test_001/exclusions.csv
2026-03-26 02:07:22.117 | INFO     | recon_matching.duckdb_skill:duckdb_export_matches_csv:558 - Exported 150 matched records to /home/che/LocalAppStore/Apps/recon-matching/workspace/outputs/2026-03-26/asset/account/ilog_test_001/matches.csv
2026-03-26 02:07:22.161 | INFO     | recon_matching.duckdb_skill:duckdb_export_breaks_csv:576 - Exported 207 breaks to /home/che/LocalAppStore/Apps/recon-matching/workspace/outputs/2026-03-26/asset/account/ilog_test_001/breaks.csv
2026-03-26 02:07:22.212 | INFO     | recon_matching.finalize:write_breaks_reasoning:79 - Wrote 207 break reasoning items to /home/che/LocalAppStore/Apps/recon-matching/workspace/outputs/2026-03-26/asset/account/ilog_test_001/breaks_reasoning.json
2026-03-26 02:07:22.252 | INFO     | recon_matching.finalize:finalize_run:176 - All required artifacts present
2026-03-26 02:07:22.253 | INFO     | recon_matching.finalize:finalize_run:178 - Run finalized: 402 input, 45 excluded, 150 matched, 207 breaks
2026-03-26 02:07:22.255 | INFO     | recon_matching.lro_client:complete:50 - LRO 6fbc45cb-20bd-4e60-9f90-7250f61f853f completed
